0 info it worked if it ends with ok
1 verbose cli [ 'node',
1 verbose cli   '/usr/local/bin/npm',
1 verbose cli   'uninstall',
1 verbose cli   '--global',
1 verbose cli   'freethrow' ]
2 info using npm@1.4.28
3 info using node@v0.10.33
4 verbose lib/node_modules/freethrow unbuild
5 info preuninstall freethrow@1.0.0
6 info uninstall freethrow@1.0.0
7 verbose true,/usr/local/lib/node_modules,/usr/local/lib/node_modules unbuild freethrow@1.0.0
8 verbose /usr/local/bin,[object Object] binRoot
9 error Refusing to delete: /usr/local/bin/freethrow not in /usr/local/lib/node_modules/freethrow
File exists: /usr/local/bin/freethrow
Move it away, and try again.
10 error System Darwin 14.0.0
11 error command "node" "/usr/local/bin/npm" "uninstall" "--global" "freethrow"
12 error cwd /Users/biggsj/sites/freethrow
13 error node -v v0.10.33
14 error npm -v 1.4.28
15 error path /usr/local/bin/freethrow
16 error code EEXIST
17 verbose exit [ 1, true ]
